Using pre-set license
Built from '2020.3/release' branch; Version is '2020.3.12f1 (b3b2c6512326) revision 11776710'; Using compiler version '192528614'; Build Type 'Release'
OS: 'Windows 10 Pro; OS build 19041.1165; Version 2004; 64bit' Language: 'en' Physical Memory: 16315 MB
BatchMode: 1, IsHumanControllingUs: 0, StartBugReporterOnCrash: 0, Is64bit: 1, IsPro: 0

 COMMAND LINE ARGUMENTS:
C:\Program Files\Unity\Hub\Editor\2020.3.12f1\Editor\Unity.exe
-adb2
-batchMode
-noUpm
-name
AssetImportWorker0
-projectPath
D:/Unity/LimboLike/LimboLike
-logFile
Logs/AssetImportWorker0.log
-srvPort
50049
Successfully changed project path to: D:/Unity/LimboLike/LimboLike
D:/Unity/LimboLike/LimboLike
Using Asset Import Pipeline V2.
Refreshing native plugins compatible for Editor in 50.97 ms, found 2 plugins.
Preloading 0 native plugins for Editor in 0.00 ms.
Initialize engine version: 2020.3.12f1 (b3b2c6512326)
[Subsystems] Discovering subsystems at path C:/Program Files/Unity/Hub/Editor/2020.3.12f1/Editor/Data/Resources/UnitySubsystems
[Subsystems] Discovering subsystems at path D:/Unity/LimboLike/LimboLike/Assets
GfxDevice: creating device client; threaded=0
Direct3D:
    Version:  Direct3D 11.0 [level 11.1]
    Renderer: NVIDIA GeForce GTX 1660 SUPER (ID=0x21c4)
    Vendor:   
    VRAM:     5991 MB
    Driver:   27.21.14.6192
Initialize mono
Mono path[0] = 'C:/Program Files/Unity/Hub/Editor/2020.3.12f1/Editor/Data/Managed'
Mono path[1] = 'C:/Program Files/Unity/Hub/Editor/2020.3.12f1/Editor/Data/MonoBleedingEdge/lib/mono/unityjit'
Mono config path = 'C:/Program Files/Unity/Hub/Editor/2020.3.12f1/Editor/Data/MonoBleedingEdge/etc'
Using monoOptions --debugger-agent=transport=dt_socket,embedding=1,server=y,suspend=n,address=127.0.0.1:56108
Begin MonoManager ReloadAssembly
Registering precompiled unity dll's ...
Register platform support module: C:/Program Files/Unity/Hub/Editor/2020.3.12f1/Editor/Data/PlaybackEngines/WindowsStandaloneSupport/UnityEditor.WindowsStandalone.Extensions.dll
Registered in 0.001504 seconds.
Native extension for WindowsStandalone target not found
Refreshing native plugins compatible for Editor in 52.73 ms, found 2 plugins.
Preloading 0 native plugins for Editor in 0.00 ms.
Mono: successfully reloaded assembly
- Completed reload, in  1.523 seconds
Platform modules already initialized, skipping
Registering precompiled user dll's ...
Registered in 0.002851 seconds.
Begin MonoManager ReloadAssembly
Native extension for WindowsStandalone target not found
Refreshing native plugins compatible for Editor in 0.75 ms, found 2 plugins.
Preloading 0 native plugins for Editor in 0.00 ms.
Mono: successfully reloaded assembly
- Completed reload, in  1.127 seconds
Platform modules already initialized, skipping
========================================================================
Worker process is ready to serve import requests
Launched and connected shader compiler UnityShaderCompiler.exe after 0.04 seconds
Refreshing native plugins compatible for Editor in 0.87 ms, found 2 plugins.
Preloading 0 native plugins for Editor in 0.00 ms.
Unloading 1602 Unused Serialized files (Serialized files now loaded: 0)
System memory in use before: 100.2 MB.
System memory in use after: 98.7 MB.

Unloading 41 unused Assets to reduce memory usage. Loaded Objects now: 2035.
Total: 2.829100 ms (FindLiveObjects: 0.178200 ms CreateObjectMapping: 0.051600 ms MarkObjects: 1.863300 ms  DeleteObjects: 0.735100 ms)

AssetImportParameters requested are different than current active one (requested -> active):
  custom:framework-win-MediaFoundation: 216162199b28c13a410421893ffa2e32 -> 
  custom:video-decoder-ogg-theora: a1e56fd34408186e4bbccfd4996cb3dc -> 
  custom:container-muxer-webm: aa71ff27fc2769a1b78a27578f13a17b -> 
  custom:container-demuxer-webm: 4f35f7cbe854078d1ac9338744f61a02 -> 
  custom:container-demuxer-ogg: 62fdf1f143b41e24485cea50d1cbac27 -> 
  custom:video-encoder-webm-vp8: eb34c28f22e8b96e1ab97ce403110664 -> 
  custom:video-decoder-webm-vp8: 9c59270c3fd7afecdb556c50c9e8de78 -> 
  custom:audio-decoder-ogg-vorbis: bf7c407c2cedff20999df2af8eb42d56 -> 
  custom:audio-encoder-webm-vorbis: bf7c407c2cedff20999df2af8eb42d56 -> 
========================================================================
Received Import Request.
  path: Assets/PostProcessingVolume/PostProcessing Volume/Example/PostProcess Profiles/Basic.asset
  artifactKey: Guid(31305b72c1809f24a8c68d2f048606f2) Importer(815301076,1909f56bfc062723c751e8b465ee728b)
Start importing Assets/PostProcessingVolume/PostProcessing Volume/Example/PostProcess Profiles/Basic.asset using Guid(31305b72c1809f24a8c68d2f048606f2) Importer(815301076,1909f56bfc062723c751e8b465ee728b)  -> (artifact id: 'c84226e2ea1a855996dfc601be9de9ce') in 0.048505 seconds 
  Import took 0.051403 seconds .

========================================================================
Received Import Request.
  Time since last request: 0.000160 seconds.
  path: Assets/PostProcessingVolume/PostProcessing Volume/Example/PostProcess Profiles/DOF.asset
  artifactKey: Guid(19a86f03166742b40a07749c1805d786) Importer(815301076,1909f56bfc062723c751e8b465ee728b)
Start importing Assets/PostProcessingVolume/PostProcessing Volume/Example/PostProcess Profiles/DOF.asset using Guid(19a86f03166742b40a07749c1805d786) Importer(815301076,1909f56bfc062723c751e8b465ee728b)  -> (artifact id: '36849da876fb4713356ccd172ba531ac') in 0.011989 seconds 
  Import took 0.015081 seconds .

========================================================================
Received Import Request.
  Time since last request: 0.000172 seconds.
  path: Assets/PostProcessingVolume/PostProcessing Volume/Example/PostProcess Profiles/Bloom.asset
  artifactKey: Guid(477227387bb2fbf46998586410b270d0) Importer(815301076,1909f56bfc062723c751e8b465ee728b)
Start importing Assets/PostProcessingVolume/PostProcessing Volume/Example/PostProcess Profiles/Bloom.asset using Guid(477227387bb2fbf46998586410b270d0) Importer(815301076,1909f56bfc062723c751e8b465ee728b)  -> (artifact id: '003f1336e2605a251651c30c6ac6ae2f') in 0.011961 seconds 
  Import took 0.014911 seconds .

========================================================================
Received Import Request.
  Time since last request: 0.000172 seconds.
  path: Assets/PostProcessingVolume/PostProcessing Volume/Example/PostProcess Profiles/Darker.asset
  artifactKey: Guid(8232605976df38540b2b0c5c0dc2fc2a) Importer(815301076,1909f56bfc062723c751e8b465ee728b)
Start importing Assets/PostProcessingVolume/PostProcessing Volume/Example/PostProcess Profiles/Darker.asset using Guid(8232605976df38540b2b0c5c0dc2fc2a) Importer(815301076,1909f56bfc062723c751e8b465ee728b)  -> (artifact id: '4b26323f440d7b346a587ad4280d1897') in 0.011291 seconds 
  Import took 0.014390 seconds .

========================================================================
Received Import Request.
  Time since last request: 474.137715 seconds.
  path: Assets/NewLayer.terrainlayer
  artifactKey: Guid(64e742c0775d0bd41b3e057f18978024) Importer(815301076,1909f56bfc062723c751e8b465ee728b)
Start importing Assets/NewLayer.terrainlayer using Guid(64e742c0775d0bd41b3e057f18978024) Importer(815301076,1909f56bfc062723c751e8b465ee728b)  -> (artifact id: 'd7c4b2dfac1df2c8fdbe603b534d4e15') in 0.127043 seconds 
  Import took 0.130219 seconds .

========================================================================
Received Import Request.
  Time since last request: 3.490730 seconds.
  path: Assets/Scripts
  artifactKey: Guid(239fc2ecb770403428953ce38c014e0d) Importer(815301076,1909f56bfc062723c751e8b465ee728b)
Start importing Assets/Scripts using Guid(239fc2ecb770403428953ce38c014e0d) Importer(815301076,1909f56bfc062723c751e8b465ee728b)  -> (artifact id: 'c7d7a6eb674fe292eebd3ef3af00ce07') in 0.005197 seconds 
  Import took 0.007734 seconds .

========================================================================
Received Import Request.
  Time since last request: 1.212507 seconds.
  path: Assets/Scripts/Bullet.cs
  artifactKey: Guid(df76d3e22e9a9d148be86ef5e8dcca60) Importer(815301076,1909f56bfc062723c751e8b465ee728b)
Start importing Assets/Scripts/Bullet.cs using Guid(df76d3e22e9a9d148be86ef5e8dcca60) Importer(815301076,1909f56bfc062723c751e8b465ee728b)  -> (artifact id: '88838d9afed4129b5aaaa2252d134dfb') in 0.017944 seconds 
  Import took 0.020680 seconds .

========================================================================
Received Import Request.
  Time since last request: 0.002346 seconds.
  path: Assets/Scripts/Bullet.cs
  artifactKey: Guid(df76d3e22e9a9d148be86ef5e8dcca60) Importer(815301076,1909f56bfc062723c751e8b465ee728b)
Start importing Assets/Scripts/Bullet.cs using Guid(df76d3e22e9a9d148be86ef5e8dcca60) Importer(815301076,1909f56bfc062723c751e8b465ee728b)  -> (artifact id: '88838d9afed4129b5aaaa2252d134dfb') in 0.001428 seconds 
  Import took 0.004058 seconds .

========================================================================
Received Import Request.
  Time since last request: 0.459894 seconds.
  path: Assets/Scripts/OnTrigger.cs
  artifactKey: Guid(571dc77153922b745bced10e173f9ea5) Importer(815301076,1909f56bfc062723c751e8b465ee728b)
Start importing Assets/Scripts/OnTrigger.cs using Guid(571dc77153922b745bced10e173f9ea5) Importer(815301076,1909f56bfc062723c751e8b465ee728b)  -> (artifact id: '13125926aa742f17b1ed6b0ec8ae5933') in 0.004784 seconds 
  Import took 0.007330 seconds .

========================================================================
Received Import Request.
  Time since last request: 0.019497 seconds.
  path: Assets/Scripts/OnTrigger.cs
  artifactKey: Guid(571dc77153922b745bced10e173f9ea5) Importer(815301076,1909f56bfc062723c751e8b465ee728b)
Start importing Assets/Scripts/OnTrigger.cs using Guid(571dc77153922b745bced10e173f9ea5) Importer(815301076,1909f56bfc062723c751e8b465ee728b)  -> (artifact id: '13125926aa742f17b1ed6b0ec8ae5933') in 0.001508 seconds 
  Import took 0.003920 seconds .

========================================================================
Received Import Request.
  Time since last request: 0.956263 seconds.
  path: Assets/Scripts/Oscillator.cs
  artifactKey: Guid(b456e3515a09a50469923b87279bf44d) Importer(815301076,1909f56bfc062723c751e8b465ee728b)
Start importing Assets/Scripts/Oscillator.cs using Guid(b456e3515a09a50469923b87279bf44d) Importer(815301076,1909f56bfc062723c751e8b465ee728b)  -> (artifact id: 'e4f696786d718472ced741c450b199f9') in 0.020287 seconds 
  Import took 0.022839 seconds .

========================================================================
Received Import Request.
  Time since last request: 0.000612 seconds.
  path: Assets/Scripts/Oscillator.cs
  artifactKey: Guid(b456e3515a09a50469923b87279bf44d) Importer(815301076,1909f56bfc062723c751e8b465ee728b)
Start importing Assets/Scripts/Oscillator.cs using Guid(b456e3515a09a50469923b87279bf44d) Importer(815301076,1909f56bfc062723c751e8b465ee728b)  -> (artifact id: 'e4f696786d718472ced741c450b199f9') in 0.001527 seconds 
  Import took 0.003938 seconds .

========================================================================
Received Import Request.
  Time since last request: 0.670578 seconds.
  path: Assets/Scripts/Player.cs
  artifactKey: Guid(1f117dd437b14eb4a97ddae136658c80) Importer(815301076,1909f56bfc062723c751e8b465ee728b)
Start importing Assets/Scripts/Player.cs using Guid(1f117dd437b14eb4a97ddae136658c80) Importer(815301076,1909f56bfc062723c751e8b465ee728b)  -> (artifact id: '0e32f367f63182e96d4de01e151af50e') in 0.005221 seconds 
  Import took 0.007854 seconds .

========================================================================
Received Import Request.
  Time since last request: 0.307810 seconds.
  path: Assets/Scripts/Spawner.cs
  artifactKey: Guid(9b344ea3559bf9149ac86bae58769366) Importer(815301076,1909f56bfc062723c751e8b465ee728b)
Start importing Assets/Scripts/Spawner.cs using Guid(9b344ea3559bf9149ac86bae58769366) Importer(815301076,1909f56bfc062723c751e8b465ee728b)  -> (artifact id: '345df1c41063fd798b472855921ffc33') in 0.005203 seconds 
  Import took 0.007710 seconds .

========================================================================
Received Import Request.
  Time since last request: 0.328121 seconds.
  path: Assets/Scripts/Gun.cs
  artifactKey: Guid(7d6fa3c6643125641a722cc696ed7270) Importer(815301076,1909f56bfc062723c751e8b465ee728b)
Start importing Assets/Scripts/Gun.cs using Guid(7d6fa3c6643125641a722cc696ed7270) Importer(815301076,1909f56bfc062723c751e8b465ee728b)  -> (artifact id: 'a42db3c186eb64b287713f4f3ed255d2') in 0.004634 seconds 
  Import took 0.007140 seconds .

========================================================================
Received Import Request.
  Time since last request: 0.318881 seconds.
  path: Assets/Scripts/EnemyAI.cs
  artifactKey: Guid(32abb46b0cfb08a4c8aefd69665df7f6) Importer(815301076,1909f56bfc062723c751e8b465ee728b)
Start importing Assets/Scripts/EnemyAI.cs using Guid(32abb46b0cfb08a4c8aefd69665df7f6) Importer(815301076,1909f56bfc062723c751e8b465ee728b)  -> (artifact id: '375a50fe73452b937f506bb37496499c') in 0.006355 seconds 
  Import took 0.008834 seconds .

========================================================================
Received Import Request.
  Time since last request: 0.352278 seconds.
  path: Assets/Scripts/EnableDisable.cs
  artifactKey: Guid(231ccc32283d7bb468c824ec0da49ae1) Importer(815301076,1909f56bfc062723c751e8b465ee728b)
Start importing Assets/Scripts/EnableDisable.cs using Guid(231ccc32283d7bb468c824ec0da49ae1) Importer(815301076,1909f56bfc062723c751e8b465ee728b)  -> (artifact id: '0b76a51bac3ba26338466580dbcb8f0c') in 0.005268 seconds 
  Import took 0.007761 seconds .

========================================================================
Received Import Request.
  Time since last request: 0.283740 seconds.
  path: Assets/Scripts/DeadPhysics.cs
  artifactKey: Guid(7e1ce638cd5311f478fae95cdc9be2ae) Importer(815301076,1909f56bfc062723c751e8b465ee728b)
Start importing Assets/Scripts/DeadPhysics.cs using Guid(7e1ce638cd5311f478fae95cdc9be2ae) Importer(815301076,1909f56bfc062723c751e8b465ee728b)  -> (artifact id: '4e0bc28ee2f6848fc62200e27531d4a5') in 0.004963 seconds 
  Import took 0.007454 seconds .

========================================================================
Received Prepare
Registering precompiled user dll's ...
Registered in 0.527892 seconds.
Begin MonoManager ReloadAssembly
Native extension for WindowsStandalone target not found
Refreshing native plugins compatible for Editor in 0.50 ms, found 2 plugins.
Preloading 0 native plugins for Editor in 0.00 ms.
Mono: successfully reloaded assembly
- Completed reload, in  5.209 seconds
Platform modules already initialized, skipping
Switching build target platform(19) subTarget(0) extendedPlatform(0) -> platform(13) subTarget(537395200) extendedPlatform(0)
Refreshing native plugins compatible for Editor in 0.53 ms, found 2 plugins.
Preloading 0 native plugins for Editor in 0.00 ms.
Unloading 1575 Unused Serialized files (Serialized files now loaded: 0)
System memory in use before: 100.1 MB.
System memory in use after: 98.6 MB.

Unloading 36 unused Assets to reduce memory usage. Loaded Objects now: 2043.
Total: 2.149200 ms (FindLiveObjects: 0.165900 ms CreateObjectMapping: 0.049400 ms MarkObjects: 1.381200 ms  DeleteObjects: 0.551800 ms)

AssetImportParameters requested are different than current active one (requested -> active):
  custom:framework-win-MediaFoundation: 216162199b28c13a410421893ffa2e32 -> 
  custom:video-decoder-ogg-theora: a1e56fd34408186e4bbccfd4996cb3dc -> 
  custom:container-muxer-webm: aa71ff27fc2769a1b78a27578f13a17b -> 
  custom:container-demuxer-webm: 4f35f7cbe854078d1ac9338744f61a02 -> 
  custom:container-demuxer-ogg: 62fdf1f143b41e24485cea50d1cbac27 -> 
  custom:video-encoder-webm-vp8: eb34c28f22e8b96e1ab97ce403110664 -> 
  custom:video-decoder-webm-vp8: 9c59270c3fd7afecdb556c50c9e8de78 -> 
  custom:graphics/normal-map-encoding: 01000000000000000000000000000000 -> 02000000000000000000000000000000
  custom:audio-decoder-ogg-vorbis: bf7c407c2cedff20999df2af8eb42d56 -> 
  custom:audio-encoder-webm-vorbis: bf7c407c2cedff20999df2af8eb42d56 -> 
========================================================================
Received Import Request.
  Time since last request: 131.072503 seconds.
  path: Assets/PostProcessingVolume
  artifactKey: Guid(1f41bff8d6b43034996c580683fcc722) Importer(815301076,1909f56bfc062723c751e8b465ee728b)
Start importing Assets/PostProcessingVolume using Guid(1f41bff8d6b43034996c580683fcc722) Importer(815301076,1909f56bfc062723c751e8b465ee728b)  -> (artifact id: '7291862d5112e61735773c695f98a149') in 0.006316 seconds 
  Import took 0.008647 seconds .

========================================================================
Received Import Request.
  Time since last request: 218.159532 seconds.
  path: Assets/Trees/Particle/_particle.prefab
  artifactKey: Guid(2003259857fd3f940bcd53bbb9131ca9) Importer(815301076,1909f56bfc062723c751e8b465ee728b)
Start importing Assets/Trees/Particle/_particle.prefab using Guid(2003259857fd3f940bcd53bbb9131ca9) Importer(815301076,1909f56bfc062723c751e8b465ee728b)  -> (artifact id: '41218746dab4c55ae1896ef9f4560ab8') in 0.028921 seconds 
  Import took 0.032150 seconds .

========================================================================
Received Import Request.
  Time since last request: 0.000273 seconds.
  path: Assets/EffectExamples/WaterEffects/Textures/CloudsParticleNormals.tif
  artifactKey: Guid(aa748bb25f802de4fb3622d6963a538e) Importer(815301076,1909f56bfc062723c751e8b465ee728b)
Start importing Assets/EffectExamples/WaterEffects/Textures/CloudsParticleNormals.tif using Guid(aa748bb25f802de4fb3622d6963a538e) Importer(815301076,1909f56bfc062723c751e8b465ee728b)  -> (artifact id: 'bf79971f66c8f94121bc1261042ac291') in 0.051614 seconds 
  Import took 0.054797 seconds .

========================================================================
Received Import Request.
  Time since last request: 0.000149 seconds.
  path: Assets/EffectExamples/FireExplosionEffects/Materials/EmbersParticle.mat
  artifactKey: Guid(776677ab3818fb249adaca05f4e04545) Importer(815301076,1909f56bfc062723c751e8b465ee728b)
Start importing Assets/EffectExamples/FireExplosionEffects/Materials/EmbersParticle.mat using Guid(776677ab3818fb249adaca05f4e04545) Importer(815301076,1909f56bfc062723c751e8b465ee728b)  -> (artifact id: '879d17eac1f7cb0c4606d6f121e003de') in 0.072981 seconds 
  Import took 0.075808 seconds .

========================================================================
Received Import Request.
  Time since last request: 0.000149 seconds.
  path: Assets/EffectExamples/WeaponEffects/Textures/FlashParticle.tif
  artifactKey: Guid(c826d12aca5bdda4c900b00833f6d875) Importer(815301076,1909f56bfc062723c751e8b465ee728b)
Start importing Assets/EffectExamples/WeaponEffects/Textures/FlashParticle.tif using Guid(c826d12aca5bdda4c900b00833f6d875) Importer(815301076,1909f56bfc062723c751e8b465ee728b)  -> (artifact id: '02e516ec09d1c1dd74af542eae8cd164') in 0.012746 seconds 
  Import took 0.015254 seconds .

========================================================================
Received Import Request.
  Time since last request: 0.000200 seconds.
  path: Assets/EffectExamples/FireExplosionEffects/Textures/FlameRoundParticleSheet.tif
  artifactKey: Guid(408718fd5f763de42b12f849570ddf58) Importer(815301076,1909f56bfc062723c751e8b465ee728b)
Start importing Assets/EffectExamples/FireExplosionEffects/Textures/FlameRoundParticleSheet.tif using Guid(408718fd5f763de42b12f849570ddf58) Importer(815301076,1909f56bfc062723c751e8b465ee728b)  -> (artifact id: 'baa7939ca9b09ec5bb96951a066c0fb6') in 0.066442 seconds 
  Import took 0.069042 seconds .

========================================================================
Received Import Request.
  Time since last request: 0.000147 seconds.
  path: Assets/EffectExamples/WeaponEffects/Materials/MuzzleFlashParticle.mat
  artifactKey: Guid(527027c8baf2f0540be3104a3ec38a99) Importer(815301076,1909f56bfc062723c751e8b465ee728b)
Start importing Assets/EffectExamples/WeaponEffects/Materials/MuzzleFlashParticle.mat using Guid(527027c8baf2f0540be3104a3ec38a99) Importer(815301076,1909f56bfc062723c751e8b465ee728b)  -> (artifact id: '1394a6e2d2eb8773c4cc64c2b2417c33') in 0.014791 seconds 
  Import took 0.017318 seconds .

========================================================================
Received Import Request.
  Time since last request: 0.000145 seconds.
  path: Assets/EffectExamples/WaterEffects/Textures/ImpactSplashParticle.tif
  artifactKey: Guid(a4948475d3e9a794cad36c380b171ea7) Importer(815301076,1909f56bfc062723c751e8b465ee728b)
Start importing Assets/EffectExamples/WaterEffects/Textures/ImpactSplashParticle.tif using Guid(a4948475d3e9a794cad36c380b171ea7) Importer(815301076,1909f56bfc062723c751e8b465ee728b)  -> (artifact id: '2a4e71d0de3960eff30d9e67c2cf7fa4') in 0.028916 seconds 
  Import took 0.031539 seconds .

========================================================================
Received Import Request.
  Time since last request: 0.000148 seconds.
  path: Assets/Standard Assets/ParticleSystems/Textures/ParticleBokeh.png
  artifactKey: Guid(732e2eebfe574ca47ba46cc3a67965fd) Importer(815301076,1909f56bfc062723c751e8b465ee728b)
Start importing Assets/Standard Assets/ParticleSystems/Textures/ParticleBokeh.png using Guid(732e2eebfe574ca47ba46cc3a67965fd) Importer(815301076,1909f56bfc062723c751e8b465ee728b)  -> (artifact id: '12860581758e37fe9236dbe09f35095e') in 0.055018 seconds 
  Import took 0.057341 seconds .

========================================================================
Received Import Request.
  Time since last request: 0.000127 seconds.
  path: Assets/EffectExamples/WaterEffects/Textures/CloudsParticleSheet.tif
  artifactKey: Guid(f0f137a9e20dd82448c39df561615d24) Importer(815301076,1909f56bfc062723c751e8b465ee728b)
Start importing Assets/EffectExamples/WaterEffects/Textures/CloudsParticleSheet.tif using Guid(f0f137a9e20dd82448c39df561615d24) Importer(815301076,1909f56bfc062723c751e8b465ee728b)  -> (artifact id: 'df74794a76c1d6b219f6ee50c91984be') in 0.031780 seconds 
  Import took 0.034442 seconds .

========================================================================
Received Import Request.
  Time since last request: 0.000162 seconds.
  path: Assets/EffectExamples/FireExplosionEffects/Textures/FlameRoundGreyParticleSheet.tif
  artifactKey: Guid(aa0907451008d784b8ef5b1c0900465d) Importer(815301076,1909f56bfc062723c751e8b465ee728b)
Start importing Assets/EffectExamples/FireExplosionEffects/Textures/FlameRoundGreyParticleSheet.tif using Guid(aa0907451008d784b8ef5b1c0900465d) Importer(815301076,1909f56bfc062723c751e8b465ee728b)  -> (artifact id: '265c9819e7409cd2b51516097dcdaacb') in 0.100319 seconds 
  Import took 0.103015 seconds .

========================================================================
Received Import Request.
  Time since last request: 0.000163 seconds.
  path: Assets/EffectExamples/FireExplosionEffects/Textures/LightningParticle.tif
  artifactKey: Guid(06e4a78c75e10c145a9156e32089ec9c) Importer(815301076,1909f56bfc062723c751e8b465ee728b)
Start importing Assets/EffectExamples/FireExplosionEffects/Textures/LightningParticle.tif using Guid(06e4a78c75e10c145a9156e32089ec9c) Importer(815301076,1909f56bfc062723c751e8b465ee728b)  -> (artifact id: 'a214247c75f8c1c84dea7d0e3df7b23f') in 0.016762 seconds 
  Import took 0.019732 seconds .

========================================================================
Received Import Request.
  Time since last request: 0.000155 seconds.
  path: Assets/EffectExamples/WeaponEffects/Materials/DustPuffParticle.mat
  artifactKey: Guid(1402721190994cd46b64bf7cba78f5d8) Importer(815301076,1909f56bfc062723c751e8b465ee728b)
Start importing Assets/EffectExamples/WeaponEffects/Materials/DustPuffParticle.mat using Guid(1402721190994cd46b64bf7cba78f5d8) Importer(815301076,1909f56bfc062723c751e8b465ee728b)  -> (artifact id: '824d5076f944fd1ede920fbc43d12646') in 0.032095 seconds 
  Import took 0.034716 seconds .

========================================================================
Received Import Request.
  Time since last request: 0.000160 seconds.
  path: Assets/EffectExamples/FireExplosionEffects/Textures/FlameParticleSheet.tif
  artifactKey: Guid(838696ee09635f647b630a61fac71a72) Importer(815301076,1909f56bfc062723c751e8b465ee728b)
Start importing Assets/EffectExamples/FireExplosionEffects/Textures/FlameParticleSheet.tif using Guid(838696ee09635f647b630a61fac71a72) Importer(815301076,1909f56bfc062723c751e8b465ee728b)  -> (artifact id: 'f3c79d2f7e2ff03f923f5f40d83b17e0') in 0.094312 seconds 
  Import took 0.096857 seconds .

========================================================================
Received Import Request.
  Time since last request: 0.000204 seconds.
  path: Assets/EffectExamples/FireExplosionEffects/Materials/FlameRoundYellowParticle.mat
  artifactKey: Guid(d7f098ed9997e714193be5e86df013f4) Importer(815301076,1909f56bfc062723c751e8b465ee728b)
Start importing Assets/EffectExamples/FireExplosionEffects/Materials/FlameRoundYellowParticle.mat using Guid(d7f098ed9997e714193be5e86df013f4) Importer(815301076,1909f56bfc062723c751e8b465ee728b)  -> (artifact id: '91b696b9008ea106bf84b2d34a130942') in 0.174093 seconds 
  Import took 0.176797 seconds .

========================================================================
Received Import Request.
  Time since last request: 0.000149 seconds.
  path: Assets/EffectExamples/FireExplosionEffects/Materials/DebrisParticle.mat
  artifactKey: Guid(72815344e9e9c7446895e130936932d7) Importer(815301076,1909f56bfc062723c751e8b465ee728b)
Start importing Assets/EffectExamples/FireExplosionEffects/Materials/DebrisParticle.mat using Guid(72815344e9e9c7446895e130936932d7) Importer(815301076,1909f56bfc062723c751e8b465ee728b)  -> (artifact id: '73bd41172a20f6f167af7fa49f869e43') in 0.042299 seconds 
  Import took 0.044973 seconds .

========================================================================
Received Import Request.
  Time since last request: 0.000147 seconds.
  path: Assets/EffectExamples/FireExplosionEffects/Materials/IgnitionFlameParticle.mat
  artifactKey: Guid(f53f1a24bb4ef8f4d879ea7b3a5197e5) Importer(815301076,1909f56bfc062723c751e8b465ee728b)
Start importing Assets/EffectExamples/FireExplosionEffects/Materials/IgnitionFlameParticle.mat using Guid(f53f1a24bb4ef8f4d879ea7b3a5197e5) Importer(815301076,1909f56bfc062723c751e8b465ee728b)  -> (artifact id: 'dbdaf6359ebeda11583989c2cf4eaf00') in 0.028694 seconds 
  Import took 0.031084 seconds .

========================================================================
Received Import Request.
  Time since last request: 0.000190 seconds.
  path: Assets/EffectExamples/FireExplosionEffects/Materials/LightningParticle.mat
  artifactKey: Guid(123ac6dc79004e54b8b352a7e64acdca) Importer(815301076,1909f56bfc062723c751e8b465ee728b)
Start importing Assets/EffectExamples/FireExplosionEffects/Materials/LightningParticle.mat using Guid(123ac6dc79004e54b8b352a7e64acdca) Importer(815301076,1909f56bfc062723c751e8b465ee728b)  -> (artifact id: 'd103cc04536074c94faaa9a1c74e0803') in 0.020573 seconds 
  Import took 0.023216 seconds .

========================================================================
Received Import Request.
  Time since last request: 0.000155 seconds.
  path: Assets/EffectExamples/FireExplosionEffects/Materials/FlameParticle.mat
  artifactKey: Guid(bd8c234372a08af408b82538314378fe) Importer(815301076,1909f56bfc062723c751e8b465ee728b)
Start importing Assets/EffectExamples/FireExplosionEffects/Materials/FlameParticle.mat using Guid(bd8c234372a08af408b82538314378fe) Importer(815301076,1909f56bfc062723c751e8b465ee728b)  -> (artifact id: 'c78d76dbf982bd393434307e57c2beb4') in 0.053846 seconds 
  Import took 0.056538 seconds .

========================================================================
Received Import Request.
  Time since last request: 0.000145 seconds.
  path: Assets/Standard Assets/ParticleSystems/Materials/ParticleAfterburner.mat
  artifactKey: Guid(89ff19d667a6a5d4bb76df1fcb718402) Importer(815301076,1909f56bfc062723c751e8b465ee728b)
Start importing Assets/Standard Assets/ParticleSystems/Materials/ParticleAfterburner.mat using Guid(89ff19d667a6a5d4bb76df1fcb718402) Importer(815301076,1909f56bfc062723c751e8b465ee728b)  -> (artifact id: '9243e1e57862acf02a883ecd90e8fafb') in 0.011161 seconds 
  Import took 0.013648 seconds .

========================================================================
Received Import Request.
  Time since last request: 0.000148 seconds.
  path: Assets/EffectExamples/WaterEffects/Materials/ImpactSplashParticle.mat
  artifactKey: Guid(90c3f5183cf0f9d488b3821973c75c93) Importer(815301076,1909f56bfc062723c751e8b465ee728b)
Start importing Assets/EffectExamples/WaterEffects/Materials/ImpactSplashParticle.mat using Guid(90c3f5183cf0f9d488b3821973c75c93) Importer(815301076,1909f56bfc062723c751e8b465ee728b)  -> (artifact id: '1fd3d850e00a7648b62d69d86aca41ce') in 0.096990 seconds 
  Import took 0.099694 seconds .

========================================================================
Received Import Request.
  Time since last request: 0.000209 seconds.
  path: Assets/EffectExamples/FireExplosionEffects/Textures/DebrisParticleSheet.png
  artifactKey: Guid(af1f1b45fa6b5e64894c04ceb8a592f7) Importer(815301076,1909f56bfc062723c751e8b465ee728b)
Start importing Assets/EffectExamples/FireExplosionEffects/Textures/DebrisParticleSheet.png using Guid(af1f1b45fa6b5e64894c04ceb8a592f7) Importer(815301076,1909f56bfc062723c751e8b465ee728b)  -> (artifact id: 'df2141f36b9fa96ac75002ef918bd4b4') in 0.033894 seconds 
  Import took 0.036592 seconds .

========================================================================
Received Import Request.
  Time since last request: 0.023198 seconds.
  path: Assets/EffectExamples/FireExplosionEffects/Textures/DebrisParticleSheet.png
  artifactKey: Guid(af1f1b45fa6b5e64894c04ceb8a592f7) Importer(815301076,1909f56bfc062723c751e8b465ee728b)
Start importing Assets/EffectExamples/FireExplosionEffects/Textures/DebrisParticleSheet.png using Guid(af1f1b45fa6b5e64894c04ceb8a592f7) Importer(815301076,1909f56bfc062723c751e8b465ee728b)  -> (artifact id: 'df2141f36b9fa96ac75002ef918bd4b4') in 0.009978 seconds 
  Import took 0.012933 seconds .

========================================================================
Received Prepare
Registering precompiled user dll's ...
Registered in 0.002496 seconds.
Begin MonoManager ReloadAssembly
Native extension for WindowsStandalone target not found
Refreshing native plugins compatible for Editor in 0.78 ms, found 2 plugins.
Preloading 0 native plugins for Editor in 0.00 ms.
Mono: successfully reloaded assembly
- Completed reload, in  0.893 seconds
Platform modules already initialized, skipping
Switching build target platform(19) subTarget(0) extendedPlatform(0) -> platform(13) subTarget(537395200) extendedPlatform(0)
Refreshing native plugins compatible for Editor in 0.51 ms, found 2 plugins.
Preloading 0 native plugins for Editor in 0.00 ms.
Unloading 1575 Unused Serialized files (Serialized files now loaded: 0)
System memory in use before: 100.7 MB.
System memory in use after: 99.2 MB.

Unloading 37 unused Assets to reduce memory usage. Loaded Objects now: 2088.
Total: 2.268000 ms (FindLiveObjects: 0.167700 ms CreateObjectMapping: 0.051200 ms MarkObjects: 1.430900 ms  DeleteObjects: 0.616800 ms)

AssetImportParameters requested are different than current active one (requested -> active):
  custom:framework-win-MediaFoundation: 216162199b28c13a410421893ffa2e32 -> 
  custom:video-decoder-ogg-theora: a1e56fd34408186e4bbccfd4996cb3dc -> 
  custom:container-muxer-webm: aa71ff27fc2769a1b78a27578f13a17b -> 
  custom:container-demuxer-webm: 4f35f7cbe854078d1ac9338744f61a02 -> 
  custom:container-demuxer-ogg: 62fdf1f143b41e24485cea50d1cbac27 -> 
  custom:video-encoder-webm-vp8: eb34c28f22e8b96e1ab97ce403110664 -> 
  custom:video-decoder-webm-vp8: 9c59270c3fd7afecdb556c50c9e8de78 -> 
  custom:graphics/normal-map-encoding: 01000000000000000000000000000000 -> 02000000000000000000000000000000
  custom:audio-decoder-ogg-vorbis: bf7c407c2cedff20999df2af8eb42d56 -> 
  custom:audio-encoder-webm-vorbis: bf7c407c2cedff20999df2af8eb42d56 -> 
========================================================================
Received Prepare
Registering precompiled user dll's ...
Registered in 0.002755 seconds.
Begin MonoManager ReloadAssembly
Native extension for WindowsStandalone target not found
Refreshing native plugins compatible for Editor in 0.52 ms, found 2 plugins.
Preloading 0 native plugins for Editor in 0.00 ms.
Mono: successfully reloaded assembly
- Completed reload, in  0.812 seconds
Platform modules already initialized, skipping
Switching build target platform(19) subTarget(0) extendedPlatform(0) -> platform(13) subTarget(537395200) extendedPlatform(0)
Refreshing native plugins compatible for Editor in 0.50 ms, found 2 plugins.
Preloading 0 native plugins for Editor in 0.00 ms.
Unloading 1575 Unused Serialized files (Serialized files now loaded: 0)
System memory in use before: 100.7 MB.
System memory in use after: 99.2 MB.

Unloading 36 unused Assets to reduce memory usage. Loaded Objects now: 2091.
Total: 2.258700 ms (FindLiveObjects: 0.167800 ms CreateObjectMapping: 0.040900 ms MarkObjects: 1.429900 ms  DeleteObjects: 0.619000 ms)

AssetImportParameters requested are different than current active one (requested -> active):
  custom:framework-win-MediaFoundation: 216162199b28c13a410421893ffa2e32 -> 
  custom:video-decoder-ogg-theora: a1e56fd34408186e4bbccfd4996cb3dc -> 
  custom:container-muxer-webm: aa71ff27fc2769a1b78a27578f13a17b -> 
  custom:container-demuxer-webm: 4f35f7cbe854078d1ac9338744f61a02 -> 
  custom:container-demuxer-ogg: 62fdf1f143b41e24485cea50d1cbac27 -> 
  custom:video-encoder-webm-vp8: eb34c28f22e8b96e1ab97ce403110664 -> 
  custom:video-decoder-webm-vp8: 9c59270c3fd7afecdb556c50c9e8de78 -> 
  custom:graphics/normal-map-encoding: 01000000000000000000000000000000 -> 02000000000000000000000000000000
  custom:audio-decoder-ogg-vorbis: bf7c407c2cedff20999df2af8eb42d56 -> 
  custom:audio-encoder-webm-vorbis: bf7c407c2cedff20999df2af8eb42d56 -> 
AssetImportWorkerClient::OnTransportError - code=2 error=End of file
